<?xml version="1.0" encoding="UTF-8"?>
<!-- Generated by org.testng.reporters.JUnitReportReporter -->
<testsuite hostname="HimPC" name="com.soap.SoapProject.RestCountriesAutomated" tests="1" failures="0" timestamp="17 Oct 2018 19:59:38 GMT" time="5.853" errors="0">
  <testcase name="fetchCountryData" time="5.853" classname="com.soap.SoapProject.RestCountriesAutomated"/>
</testsuite> <!-- com.soap.SoapProject.RestCountriesAutomated -->
