<?xml version="1.0" encoding="UTF-8"?>
<!-- Generated by org.testng.reporters.JUnitReportReporter -->
<testsuite hostname="HimPC" name="com.soap.SoapProject.RestCountriesAutomated" tests="1" failures="0" timestamp="13 Oct 2018 17:17:27 GMT" time="4.404" errors="0">
  <testcase name="fetchCountryData" time="4.404" classname="com.soap.SoapProject.RestCountriesAutomated"/>
</testsuite> <!-- com.soap.SoapProject.RestCountriesAutomated -->
