<?xml version="1.0" encoding="UTF-8"?>
<!-- Generated by org.testng.reporters.JUnitReportReporter -->
<testsuite hostname="HimPC" name="com.soap.SoapProject.SampleSoap" tests="1" failures="0" timestamp="13 Oct 2018 17:15:29 GMT" time="65.972" errors="0">
  <testcase name="getData" time="65.972" classname="com.soap.SoapProject.SampleSoap"/>
</testsuite> <!-- com.soap.SoapProject.SampleSoap -->
